# JRE version: Java(TM) SE Runtime Environment (8.0_71-b15) (build 1.8.0_71-b15)
# Java VM: Java HotSpot(TM) 64-Bit Server VM (25.71-b15 mixed mode linux-amd64 compressed oops)
Heap:
 garbage-first heap   total 262144K, used 229315K [0x00000000c0000000, 0x00000000c0100800, 0x0000000100000000)
  region size 1024K, 65 young (66560K), 9 survivors (9216K)
 Metaspace       used 157726K, capacity 172703K, committed 172904K, reserved 1200128K
  class space    used 18198K, capacity 22604K, committed 22676K, reserved 1048576K
GC Heap History (10 events):
Event: 2728,811 GC heap before
{Heap before GC invocations=149 (full 0):
 garbage-first heap   total 262144K, used 226612K [0x00000000c0000000, 0x00000000c0100800, 0x0000000100000000)
  region size 1024K, 100 young (102400K), 7 survivors (7168K)
 Metaspace       used 156584K, capacity 171569K, committed 171752K, reserved 1198080K
  class space    used 18062K, capacity 22510K, committed 22548K, reserved 1048576K
Event: 2728,823 GC heap after
Heap after GC invocations=150 (full 0):
 garbage-first heap   total 262144K, used 132960K [0x00000000c0000000, 0x00000000c0100800, 0x0000000100000000)
  region size 1024K, 9 young (9216K), 9 survivors (9216K)
 Metaspace       used 156584K, capacity 171569K, committed 171752K, reserved 1198080K
  class space    used 18062K, capacity 22510K, committed 22548K, reserved 1048576K
}
Event: 2744,677 GC heap before
{Heap before GC invocations=151 (full 0):
 garbage-first heap   total 262144K, used 224096K [0x00000000c0000000, 0x00000000c0100800, 0x0000000100000000)
  region size 1024K, 98 young (100352K), 9 survivors (9216K)
 Metaspace       used 156633K, capacity 171569K, committed 171752K, reserved 1198080K
  class space    used 18063K, capacity 22510K, committed 22548K, reserved 1048576K
Event: 2744,687 GC heap after
Heap after GC invocations=152 (full 0):
 garbage-first heap   total 262144K, used 132960K [0x00000000c0000000, 0x00000000c0100800, 0x0000000100000000)
  region size 1024K, 9 young (9216K), 9 survivors (9216K)
 Metaspace       used 156633K, capacity 171569K, committed 171752K, reserved 1198080K
  class space    used 18063K, capacity 22510K, committed 22548K, reserved 1048576K
}
Event: 2744,695 GC heap before
{Heap before GC invocations=152 (full 0):
 garbage-first heap   total 262144K, used 136032K [0x00000000c0000000, 0x00000000c0100800, 0x0000000100000000)
  region size 1024K, 12 young (12288K), 9 survivors (9216K)
 Metaspace       used 156634K, capacity 171569K, committed 171752K, reserved 1198080K
  class space    used 18063K, capacity 22510K, committed 22548K, reserved 1048576K
Event: 2744,711 GC heap after
Heap after GC invocations=153 (full 0):
 garbage-first heap   total 262144K, used 128407K [0x00000000c0000000, 0x00000000c0100800, 0x0000000100000000)
  region size 1024K, 2 young (2048K), 2 survivors (2048K)
 Metaspace       used 156634K, capacity 171569K, committed 171752K, reserved 1198080K
  class space    used 18063K, capacity 22510K, committed 22548K, reserved 1048576K
}
Event: 2770,017 GC heap before
{Heap before GC invocations=153 (full 0):
 garbage-first heap   total 262144K, used 227735K [0x00000000c0000000, 0x00000000c0100800, 0x0000000100000000)
  region size 1024K, 99 young (101376K), 2 survivors (2048K)
 Metaspace       used 156655K, capacity 171569K, committed 171752K, reserved 1198080K
  class space    used 18063K, capacity 22510K, committed 22548K, reserved 1048576K
Event: 2770,043 GC heap after
Heap after GC invocations=154 (full 0):
 garbage-first heap   total 262144K, used 133736K [0x00000000c0000000, 0x00000000c0100800, 0x0000000100000000)
  region size 1024K, 8 young (8192K), 8 survivors (8192K)
 Metaspace       used 156655K, capacity 171569K, committed 171752K, reserved 1198080K
  class space    used 18063K, capacity 22510K, committed 22548K, reserved 1048576K
}
Event: 2783,931 GC heap before
{Heap before GC invocations=154 (full 0):
 garbage-first heap   total 262144K, used 224872K [0x00000000c0000000, 0x00000000c0100800, 0x0000000100000000)
  region size 1024K, 97 young (99328K), 8 survivors (8192K)
 Metaspace       used 157307K, capacity 172325K, committed 172648K, reserved 1200128K
  class space    used 18148K, capacity 22564K, committed 22676K, reserved 1048576K
Event: 2783,945 GC heap after
Heap after GC invocations=155 (full 0):
 garbage-first heap   total 262144K, used 135060K [0x00000000c0000000, 0x00000000c0100800, 0x0000000100000000)
  region size 1024K, 9 young (9216K), 9 survivors (9216K)
 Metaspace       used 157307K, capacity 172325K, committed 172648K, reserved 1200128K
  class space    used 18148K, capacity 22564K, committed 22676K, reserved 1048576K
}

